  [1m[35m (87.0ms)[0m  [1m[35mCREATE DATABASE "plants_for_your_home_api_development" ENCODING = 'unicode'[0m
  [1m[35m (98.1ms)[0m  [1m[35mCREATE DATABASE "plants_for_your_home_api_test" ENCODING = 'unicode'[0m
  [1m[35m (6.0ms)[0m  [1m[35mCREATE TABLE "schema_migrations" ("version" character varying NOT NULL PRIMARY KEY)[0m
  [1m[35m (6.0ms)[0m  [1m[35mCREATE TABLE "ar_internal_metadata" ("key" character varying NOT NULL PRIMARY KEY, "value" character varying, "created_at" timestamp(6) NOT NULL, "updated_at" timestamp(6) NOT NULL)[0m
  [1m[35m (0.3ms)[0m  [1m[34mSELECT pg_try_advisory_lock(2913524623024594110)[0m
  [1m[35m (0.5ms)[0m  [1m[34mSELECT "schema_migrations"."version" FROM "schema_migrations" ORDER BY "schema_migrations"."version" ASC[0m
Migrating to CreatePlants (20200113151340)
  [1m[35m (0.2ms)[0m  [1m[35mBEGIN[0m
  [1m[35m (6.1ms)[0m  [1m[35mCREATE TABLE "plants" ("id" bigserial primary key, "stage" character varying, "kind" character varying, "image" character varying)[0m
  [1m[36mprimary::SchemaMigration Create (0.8ms)[0m  [1m[32mINSERT INTO "schema_migrations" ("version") VALUES ($1) RETURNING "version"[0m  [["version", "20200113151340"]]
  [1m[35m (0.5ms)[0m  [1m[35mCOMMIT[0m
  [1m[36mActiveRecord::InternalMetadata Load (0.3ms)[0m  [1m[34mSELECT "ar_internal_metadata".* FROM "ar_internal_metadata" WHERE "ar_internal_metadata"."key" = $1 LIMIT $2[0m  [["key", "environment"], ["LIMIT", 1]]
  [1m[35m (0.1ms)[0m  [1m[35mBEGIN[0m
  [1m[36mActiveRecord::InternalMetadata Create (0.5ms)[0m  [1m[32mINSERT INTO "ar_internal_metadata" ("key", "value", "created_at", "updated_at") VALUES ($1, $2, $3, $4) RETURNING "key"[0m  [["key", "environment"], ["value", "development"], ["created_at", "2020-01-13 15:14:40.666610"], ["updated_at", "2020-01-13 15:14:40.666610"]]
  [1m[35m (0.8ms)[0m  [1m[35mCOMMIT[0m
  [1m[35m (0.4ms)[0m  [1m[34mSELECT pg_advisory_unlock(2913524623024594110)[0m
  [1m[35m (0.8ms)[0m  [1m[34mSELECT "schema_migrations"."version" FROM "schema_migrations" ORDER BY "schema_migrations"."version" ASC[0m
  [1m[36mPlant Load (0.3ms)[0m  [1m[34mSELECT "plants".* FROM "plants" LIMIT $1[0m  [["LIMIT", 11]]
  [1m[35m (1.4ms)[0m  [1m[34mSELECT COUNT(*) FROM "plants"[0m
  [1m[35m (0.2ms)[0m  [1m[35mBEGIN[0m
  [1m[36mPlant Create (0.8ms)[0m  [1m[32mINSERT INTO "plants" ("stage", "kind", "image") VALUES ($1, $2, $3) RETURNING "id"[0m  [["stage", "pot"], ["kind", "red"], ["image", "test.png"]]
  [1m[35m (1.3ms)[0m  [1m[35mCOMMIT[0m
  [1m[36mPlant Load (0.2ms)[0m  [1m[34mSELECT "plants".* FROM "plants" WHERE "plants"."id" = $1 LIMIT $2[0m  [["id", 1], ["LIMIT", 1]]
  [1m[36mPlant Load (0.5ms)[0m  [1m[34mSELECT "plants".* FROM "plants" WHERE "plants"."id" = $1 LIMIT $2[0m  [["id", 1], ["LIMIT", 1]]
  [1m[35m (0.3ms)[0m  [1m[35mBEGIN[0m
  [1m[36mPlant Destroy (0.7ms)[0m  [1m[31mDELETE FROM "plants" WHERE "plants"."id" = $1[0m  [["id", 1]]
  [1m[35m (1.7ms)[0m  [1m[35mCOMMIT[0m
  [1m[35m (0.2ms)[0m  [1m[34mSELECT pg_try_advisory_lock(2913524623024594110)[0m
  [1m[35m (0.6ms)[0m  [1m[34mSELECT "schema_migrations"."version" FROM "schema_migrations" ORDER BY "schema_migrations"."version" ASC[0m
Migrating to CreateUsers (20200113151735)
  [1m[35m (0.2ms)[0m  [1m[35mBEGIN[0m
  [1m[35m (5.6ms)[0m  [1m[35mCREATE TABLE "users" ("id" bigserial primary key, "name" character varying)[0m
  [1m[36mprimary::SchemaMigration Create (0.4ms)[0m  [1m[32mINSERT INTO "schema_migrations" ("version") VALUES ($1) RETURNING "version"[0m  [["version", "20200113151735"]]
  [1m[35m (0.5ms)[0m  [1m[35mCOMMIT[0m
  [1m[36mActiveRecord::InternalMetadata Load (0.3ms)[0m  [1m[34mSELECT "ar_internal_metadata".* FROM "ar_internal_metadata" WHERE "ar_internal_metadata"."key" = $1 LIMIT $2[0m  [["key", "environment"], ["LIMIT", 1]]
  [1m[35m (0.3ms)[0m  [1m[34mSELECT pg_advisory_unlock(2913524623024594110)[0m
  [1m[35m (1.1ms)[0m  [1m[34mSELECT "schema_migrations"."version" FROM "schema_migrations" ORDER BY "schema_migrations"."version" ASC[0m
  [1m[35m (0.2ms)[0m  [1m[34mSELECT pg_try_advisory_lock(2913524623024594110)[0m
  [1m[35m (0.5ms)[0m  [1m[34mSELECT "schema_migrations"."version" FROM "schema_migrations" ORDER BY "schema_migrations"."version" ASC[0m
Migrating to AddUserIdToPlants (20200113151818)
  [1m[35m (0.2ms)[0m  [1m[35mBEGIN[0m
  [1m[35m (0.6ms)[0m  [1m[35mALTER TABLE "plants" ADD "user_id" integer[0m
  [1m[36mprimary::SchemaMigration Create (0.5ms)[0m  [1m[32mINSERT INTO "schema_migrations" ("version") VALUES ($1) RETURNING "version"[0m  [["version", "20200113151818"]]
  [1m[35m (0.5ms)[0m  [1m[35mCOMMIT[0m
  [1m[36mActiveRecord::InternalMetadata Load (0.3ms)[0m  [1m[34mSELECT "ar_internal_metadata".* FROM "ar_internal_metadata" WHERE "ar_internal_metadata"."key" = $1 LIMIT $2[0m  [["key", "environment"], ["LIMIT", 1]]
  [1m[35m (0.2ms)[0m  [1m[34mSELECT pg_advisory_unlock(2913524623024594110)[0m
  [1m[35m (0.6ms)[0m  [1m[34mSELECT "schema_migrations"."version" FROM "schema_migrations" ORDER BY "schema_migrations"."version" ASC[0m
  [1m[35m (0.6ms)[0m  [1m[35mBEGIN[0m
  [1m[36mUser Create (6.9ms)[0m  [1m[32mINSERT INTO "users" ("name") VALUES ($1) RETURNING "id"[0m  [["name", "Richard"]]
  [1m[35m (0.6ms)[0m  [1m[35mCOMMIT[0m
  [1m[36mUser Load (0.3ms)[0m  [1m[34mSELECT "users".* FROM "users" WHERE "users"."id" = $1 LIMIT $2[0m  [["id", 1], ["LIMIT", 1]]
  [1m[35m (0.2ms)[0m  [1m[35mBEGIN[0m
  [1m[36mPlant Create (0.4ms)[0m  [1m[32mINSERT INTO "plants" ("stage", "kind", "image", "user_id") VALUES ($1, $2, $3, $4) RETURNING "id"[0m  [["stage", "pot"], ["kind", "red"], ["image", "test.png"], ["user_id", 1]]
  [1m[35m (3.3ms)[0m  [1m[35mCOMMIT[0m
  [1m[36mPlant Load (0.6ms)[0m  [1m[34mSELECT "plants".* FROM "plants" LIMIT $1[0m  [["LIMIT", 11]]
  [1m[36mUser Load (0.6ms)[0m  [1m[34mSELECT "users".* FROM "users" WHERE "users"."id" = $1 LIMIT $2[0m  [["id", 1], ["LIMIT", 1]]
  [1m[36mPlant Load (0.4ms)[0m  [1m[34mSELECT "plants".* FROM "plants" WHERE "plants"."user_id" = $1 LIMIT $2[0m  [["user_id", 1], ["LIMIT", 11]]
  [1m[36mPlant Load (0.6ms)[0m  [1m[34mSELECT "plants".* FROM "plants" WHERE "plants"."user_id" = $1 LIMIT $2[0m  [["user_id", 1], ["LIMIT", 11]]
